https://github.com/microsoft/vscode/blob/5712574281bb096a2dd4ceda7e266d507f775b45/extensions/html/syntaxes/html.tmLanguage.json#L1936

https://github.com/Microsoft/vscode/blob/1.9.0/extensions/theme-defaults/themes/dark_vs.json

https://github.com/Microsoft/vscode/blob/1.9.0/extensions/theme-defaults/themes/dark_plus.json

甲、 待定
dasf
---

丙　大师傅
dsfdddf
---

12、 解决
AS. 大师傅

乙大师傅
---
12 的
> ok
 dff

III. 答复

http:// dasf 
ftp://
dasf ok@df.com dsf 
//#region大方法endregion
大沙发舒服
//#打算发放
---
## dafasdf
saldfjlsadfj
jdaslf  ftp
##dafasf
dasfasf
adsfasf
> ok
adsf A ddfsaf BSection
---
Section BD

//#region and 
dasfasfsadffdffff
//#endregion
---
AB
##dafasf
lsadfjsdahf
dsafsahdf
---


。	句号	句号是最常用的标点符号。用在句子的末尾。一般用于陈述句和祈使句。中文的句号和西方的句号是有区别的。中国的为‘。’，而西方的为‘.’	纽约是美国的首都。
，	逗号	逗号为句子之间的停顿。
逗号使用于：
1）复句的停顿。
2）表示次序的词语。
3）在较长的主语后，中间或较长的宾语前。
4）语气缓和的感叹语。	雨，更大了。
我觉得，
我的学习成绩下降了。
哈哈哈哈'#'ggg
樱花飘落时，
就像漫天的雪花在飞舞。

？	问号	问号用于疑问句的末尾，表示疑问语气。疑问语气加重的时候，可以重叠问号。	你今天吃早饭了吗？
你怎么还不睡？？？
！	叹号	叹号用于：
1）感叹句或祈使句。
2）表示强烈语气或很大的声音时叠用感叹号。
3）疑问句的语气有强烈的情感表达时。	这里的风景真美！
连这些都没学过，他是怎么得到满分的？！　
{}
()
[]
[ 弟弟 ]

<的答复>
**@
♥-
---
、	顿号	顿号适用于含有顺序关系的词语之间的停顿。	农业是国家经济的基础，
也是二、三产业的基础。
；	分号	分号是分句中的停顿。
一般适用于复句或分项举例的各项之中。	书有分量，尽管内容短小，
也是有分量的；书没分量，
尽管写得再长也没有用。
：	冒号	冒号为句内点号。一般用于：
１）称呼后面（演讲草稿，邮件或写信的时候）
２）在解释和说明后
３）用于总说性和总括性的词语
４）用于一些词语的后面，比如：问、答、说、想、认为、指出、宣布、证明、发现、透露、表明、例如等等。	
王女士： 家用电器的种类：电视，
冰箱，洗衣机，洗碗机。
‘　’
“　”	引号	引号表示文章中直接引用的话。文章中的特殊词语也用引号来表达。引号分为双引号和单引号。引号中还要使用引号时，在双引号中使用单引号。	常言说得好，“无酒不成宴”。
《　》
＜　＞	书名号	用于书名，报刊名，报纸名，篇名，合同，规章，规定，软件名，作品名称，书名号分为单书名号和双书名号。如果书名号里面还要使用书名号的时候，在双书名号用单书名号。	《红楼梦》是中国的名著之一。
（hh）
〔　〕
［　］　
【 　】	括号	括号用来表示注释内容。括号分为方括号，方头括号，六角括号和圆括号。文章中如有错误和补丁应使用方括号。在标示发文年份，作者来自哪个国家或朝代，年代时使用六角括号。方头括号则用来表示工具书的头目	我们大学拥有９５
名大学教授（含以退休的）。
__	专名号	表示文章中出现的专有名词，比如人名，地名，朝代名，年号，宗教名等等。只用在古籍，估计引文或文史著作里面。	曹操，和绅。
·	间隔号	间隔号一般用于：
１）西方或少数民族名字的分界。
２）书名与篇名之间的分界。
３）以数字或月份代表的事件或节日。	《七律·长征》
是一首七言律诗。
／	分隔号	诗行，节拍的分隔。	锄禾日当午／汗滴禾下土／
谁念盘中餐／粒粒皆辛苦。
──	破折号	破折号标示：
１）文章中解释说明的话语。
２）话题的突然转换。
３）声音的延长或话语的中断。　
４）引文后标明作者	日本最高的山峰——富士山。
‘我舅舅他——’小王话还没说完就哭了起来。
……	省略号	省略号用于标示内容的省略。
省略号一般用于：
１）形容话语的断断续续。
２）对话中的沉默不语。
３）重复词的省略。	静静问他：“你喜欢我吗？”
“……”他脸红了，
但是什么也没说。
－	连接号	连接号在连接相关的词语，数字，电话号码，门牌号，年月日或其他符号时使用。	２０１５－１２－１１
“.”	着重号
着重号在表明需要注意的字或单词时使用。
“不正确”的说法是
·　·　·　